[debug] [2020-03-29T14:33:47.328Z] ----------------------------------------------------------------------
[debug] [2020-03-29T14:33:47.331Z] Command:       C:\Program Files\nodejs\node.exe C:\Users\sono8\AppData\Roaming\npm\node_modules\firebase-tools\lib\bin\firebase.js deploy
[debug] [2020-03-29T14:33:47.332Z] CLI Version:   7.11.0
[debug] [2020-03-29T14:33:47.332Z] Platform:      win32
[debug] [2020-03-29T14:33:47.332Z] Node Version:  v10.16.3
[debug] [2020-03-29T14:33:47.333Z] Time:          Sun Mar 29 2020 23:33:47 GMT+0900 (GMT+09:00)
[debug] [2020-03-29T14:33:47.333Z] ----------------------------------------------------------------------
[debug] [2020-03-29T14:33:47.333Z] 
[debug] [2020-03-29T14:33:47.351Z] > command requires scopes: ["email","openid","https://www.googleapis.com/auth/cloudplatformprojects.readonly","https://www.googleapis.com/auth/firebase","https://www.googleapis.com/auth/cloud-platform"]
[debug] [2020-03-29T14:33:47.352Z] > authorizing via signed-in user
[debug] [2020-03-29T14:33:47.352Z] [iam] checking project any-engine-dev for permissions ["cloudfunctions.functions.create","cloudfunctions.functions.delete","cloudfunctions.functions.get","cloudfunctions.functions.list","cloudfunctions.functions.update","cloudfunctions.operations.get","datastore.indexes.create","datastore.indexes.delete","datastore.indexes.list","datastore.indexes.update","firebase.projects.get","firebasehosting.sites.update","firebaserules.releases.create","firebaserules.releases.update","firebaserules.rulesets.create"]
[debug] [2020-03-29T14:33:47.354Z] > refreshing access token with scopes: ["email","https://www.googleapis.com/auth/cloud-platform","https://www.googleapis.com/auth/cloudplatformprojects.readonly","https://www.googleapis.com/auth/firebase","openid"]
[debug] [2020-03-29T14:33:47.354Z] >>> HTTP REQUEST POST https://www.googleapis.com/oauth2/v3/token  
 <request body omitted>
[debug] [2020-03-29T14:33:47.626Z] <<< HTTP RESPONSE 200
[debug] [2020-03-29T14:33:47.650Z] >>> HTTP REQUEST POST https://cloudresourcemanager.googleapis.com/v1/projects/any-engine-dev:testIamPermissions  

[debug] [2020-03-29T14:33:48.506Z] <<< HTTP RESPONSE 200
[debug] [2020-03-29T14:33:48.509Z] >>> HTTP REQUEST GET https://firebase.googleapis.com/v1beta1/projects/any-engine-dev  
 
[debug] [2020-03-29T14:33:48.957Z] <<< HTTP RESPONSE 200
[info] 
[info] === Deploying to 'any-engine-dev'...
[info] 
[info] i  deploying storage, firestore, functions, hosting
[info] Running command: npm --prefix "$RESOURCE_DIR" run lint
[info] Running command: npm --prefix "$RESOURCE_DIR" run build
